<?xml version="1.0" encoding="UTF-8"?><testrun name="Runner (4)" project="CucumberProject_005_DataTable_Maps" tests="1" started="1" failures="0" errors="1" ignored="0">
  <testsuite name="com.testrunner.Runner" time="0.553">
    <testsuite name="I want to test login functionality of OrangeHRM" time="0.553">
      <testcase name="want to test login feature" classname="I want to test login functionality of OrangeHRM" time="0.553">
        <error>io.cucumber.junit.UndefinedStepException: The step 'happened' is undefined.
You can implement this step using the snippet(s) below:

@Then("happened")
public void happened() {
    // Write code here that turns the phrase above into concrete actions
    throw new io.cucumber.java.PendingException();
}
&#13;
&#13;
</error>
      </testcase>
    </testsuite>
  </testsuite>
</testrun>
